<?xml version="1.0" encoding="UTF-8"?>
<!-- Generated by org.testng.reporters.JUnitReportReporter -->
<testsuite hostname="DESKTOP-0GL55Q8" failures="0" tests="4" name="org.baseclass.LoginPage" time="15.171" errors="0" timestamp="07 Apr 2021 05:22:22 GMT" skipped="0">
  <testcase classname="org.baseclass.LoginPage" name="tc2" time="0.777"/>
  <testcase classname="org.baseclass.LoginPage" name="tc3" time="8.382"/>
  <testcase classname="org.baseclass.LoginPage" name="tc0" time="3.975"/>
  <testcase classname="org.baseclass.LoginPage" name="tc1" time="2.037"/>
</testsuite> <!-- org.baseclass.LoginPage -->
